<?xml version="1.0" encoding="UTF-8"?>
<!-- Generated by org.testng.reporters.JUnitReportReporter -->
<testsuite skipped="0" hostname="ABC-6" name="com.jp.selenium.testNg.wait.implicitExplicitWait" tests="1" failures="0" timestamp="07 Jan 2019 09:53:52 GMT" time="9.996" errors="0">
  <testcase name="f" time="9.996" classname="com.jp.selenium.testNg.wait.implicitExplicitWait"/>
</testsuite> <!-- com.jp.selenium.testNg.wait.implicitExplicitWait -->
