<?xml version="1.0" encoding="UTF-8"?>
<!-- Generated by org.testng.reporters.JUnitReportReporter -->
<testsuite skipped="0" hostname="SmitaBKumar" name="com.smita.webdriver02.checkbox.CheckBox" tests="1" failures="0" timestamp="11 Aug 2018 11:03:43 GMT" time="26.477" errors="0">
  <testcase name="testSelectFunctionality" time="26.477" classname="com.smita.webdriver02.checkbox.CheckBox"/>
</testsuite> <!-- com.smita.webdriver02.checkbox.CheckBox -->
