<?xml version="1.0" encoding="UTF-8"?>
<!-- Generated by org.testng.reporters.JUnitReportReporter -->
<testsuite skipped="0" hostname="SmitaBKumar" name="com.smita.webdriver04.dropdown.DropDownBoxDemo" tests="1" failures="0" timestamp="11 Aug 2018 09:37:34 GMT" time="26.030" errors="0">
  <testcase name="testSelectFunctionality" time="26.030" classname="com.smita.webdriver04.dropdown.DropDownBoxDemo"/>
</testsuite> <!-- com.smita.webdriver04.dropdown.DropDownBoxDemo -->
